# JRE version: OpenJDK Runtime Environment (8.0_152-b01) (build 1.8.0_152-release-915-b01)
# Java VM: OpenJDK 64-Bit Server VM (25.152-b01 mixed mode windows-amd64 compressed oops)
Heap:
 PSYoungGen      total 349696K, used 106169K [0x00000000e0000000, 0x0000000100000000, 0x0000000100000000)
  eden space 175104K, 3% used [0x00000000e0000000,0x00000000e0666088,0x00000000eab00000)
  from space 174592K, 57% used [0x00000000eab00000,0x00000000f0c486d0,0x00000000f5580000)
  to   space 174592K, 0% used [0x00000000f5580000,0x00000000f5580000,0x0000000100000000)
 ParOldGen       total 317952K, used 259081K [0x00000000a0000000, 0x00000000b3680000, 0x00000000e0000000)
  object space 317952K, 81% used [0x00000000a0000000,0x00000000afd025e0,0x00000000b3680000)
 Metaspace       used 108187K, capacity 115765K, committed 116116K, reserved 1150976K
  class space    used 13444K, capacity 15143K, committed 15252K, reserved 1048576K
GC Heap History (10 events):
Event: 897.800 GC heap before
{Heap before GC invocations=39 (full 4):
 PSYoungGen      total 311296K, used 311290K [0x00000000e0000000, 0x0000000100000000, 0x0000000100000000)
  eden space 175104K, 100% used [0x00000000e0000000,0x00000000eab00000,0x00000000eab00000)
  from space 136192K, 99% used [0x00000000f7b00000,0x00000000ffffeb88,0x0000000100000000)
  to   space 174592K, 0% used [0x00000000eab00000,0x00000000eab00000,0x00000000f5580000)
 ParOldGen       total 317952K, used 211738K [0x00000000a0000000, 0x00000000b3680000, 0x00000000e0000000)
  object space 317952K, 66% used [0x00000000a0000000,0x00000000acec68c8,0x00000000b3680000)
 Metaspace       used 108106K, capacity 115689K, committed 115860K, reserved 1150976K
  class space    used 13440K, capacity 15141K, committed 15252K, reserved 1048576K
Event: 897.949 GC heap after
Heap after GC invocations=39 (full 4):
 PSYoungGen      total 349696K, used 142373K [0x00000000e0000000, 0x0000000100000000, 0x0000000100000000)
  eden space 175104K, 0% used [0x00000000e0000000,0x00000000e0000000,0x00000000eab00000)
  from space 174592K, 81% used [0x00000000eab00000,0x00000000f3609740,0x00000000f5580000)
  to   space 174592K, 0% used [0x00000000f5580000,0x00000000f5580000,0x0000000100000000)
 ParOldGen       total 317952K, used 211738K [0x00000000a0000000, 0x00000000b3680000, 0x00000000e0000000)
  object space 317952K, 66% used [0x00000000a0000000,0x00000000acec68c8,0x00000000b3680000)
 Metaspace       used 108106K, capacity 115689K, committed 115860K, reserved 1150976K
  class space    used 13440K, capacity 15141K, committed 15252K, reserved 1048576K
}
Event: 898.603 GC heap before
{Heap before GC invocations=40 (full 4):
 PSYoungGen      total 349696K, used 317477K [0x00000000e0000000, 0x0000000100000000, 0x0000000100000000)
  eden space 175104K, 100% used [0x00000000e0000000,0x00000000eab00000,0x00000000eab00000)
  from space 174592K, 81% used [0x00000000eab00000,0x00000000f3609740,0x00000000f5580000)
  to   space 174592K, 0% used [0x00000000f5580000,0x00000000f5580000,0x0000000100000000)
 ParOldGen       total 317952K, used 211738K [0x00000000a0000000, 0x00000000b3680000, 0x00000000e0000000)
  object space 317952K, 66% used [0x00000000a0000000,0x00000000acec68c8,0x00000000b3680000)
 Metaspace       used 108122K, capacity 115689K, committed 115860K, reserved 1150976K
  class space    used 13440K, capacity 15141K, committed 15252K, reserved 1048576K
Event: 898.901 GC heap after
Heap after GC invocations=40 (full 4):
 PSYoungGen      total 349696K, used 148228K [0x00000000e0000000, 0x0000000100000000, 0x0000000100000000)
  eden space 175104K, 0% used [0x00000000e0000000,0x00000000e0000000,0x00000000eab00000)
  from space 174592K, 84% used [0x00000000f5580000,0x00000000fe641380,0x0000000100000000)
  to   space 174592K, 0% used [0x00000000eab00000,0x00000000eab00000,0x00000000f5580000)
 ParOldGen       total 317952K, used 212926K [0x00000000a0000000, 0x00000000b3680000, 0x00000000e0000000)
  object space 317952K, 66% used [0x00000000a0000000,0x00000000acfef908,0x00000000b3680000)
 Metaspace       used 108122K, capacity 115689K, committed 115860K, reserved 1150976K
  class space    used 13440K, capacity 15141K, committed 15252K, reserved 1048576K
}
Event: 899.592 GC heap before
{Heap before GC invocations=41 (full 4):
 PSYoungGen      total 349696K, used 323332K [0x00000000e0000000, 0x0000000100000000, 0x0000000100000000)
  eden space 175104K, 100% used [0x00000000e0000000,0x00000000eab00000,0x00000000eab00000)
  from space 174592K, 84% used [0x00000000f5580000,0x00000000fe641380,0x0000000100000000)
  to   space 174592K, 0% used [0x00000000eab00000,0x00000000eab00000,0x00000000f5580000)
 ParOldGen       total 317952K, used 212926K [0x00000000a0000000, 0x00000000b3680000, 0x00000000e0000000)
  object space 317952K, 66% used [0x00000000a0000000,0x00000000acfef908,0x00000000b3680000)
 Metaspace       used 108136K, capacity 115689K, committed 115860K, reserved 1150976K
  class space    used 13440K, capacity 15141K, committed 15252K, reserved 1048576K
Event: 899.742 GC heap after
Heap after GC invocations=41 (full 4):
 PSYoungGen      total 349696K, used 142979K [0x00000000e0000000, 0x0000000100000000, 0x0000000100000000)
  eden space 175104K, 0% used [0x00000000e0000000,0x00000000e0000000,0x00000000eab00000)
  from space 174592K, 81% used [0x00000000eab00000,0x00000000f36a0de0,0x00000000f5580000)
  to   space 174592K, 0% used [0x00000000f5580000,0x00000000f5580000,0x0000000100000000)
 ParOldGen       total 317952K, used 214186K [0x00000000a0000000, 0x00000000b3680000, 0x00000000e0000000)
  object space 317952K, 67% used [0x00000000a0000000,0x00000000ad12a998,0x00000000b3680000)
 Metaspace       used 108136K, capacity 115689K, committed 115860K, reserved 1150976K
  class space    used 13440K, capacity 15141K, committed 15252K, reserved 1048576K
}
Event: 900.331 GC heap before
{Heap before GC invocations=42 (full 4):
 PSYoungGen      total 349696K, used 318083K [0x00000000e0000000, 0x0000000100000000, 0x0000000100000000)
  eden space 175104K, 100% used [0x00000000e0000000,0x00000000eab00000,0x00000000eab00000)
  from space 174592K, 81% used [0x00000000eab00000,0x00000000f36a0de0,0x00000000f5580000)
  to   space 174592K, 0% used [0x00000000f5580000,0x00000000f5580000,0x0000000100000000)
 ParOldGen       total 317952K, used 214186K [0x00000000a0000000, 0x00000000b3680000, 0x00000000e0000000)
  object space 317952K, 67% used [0x00000000a0000000,0x00000000ad12a998,0x00000000b3680000)
 Metaspace       used 108142K, capacity 115753K, committed 116116K, reserved 1150976K
  class space    used 13441K, capacity 15141K, committed 15252K, reserved 1048576K
Event: 900.488 GC heap after
Heap after GC invocations=42 (full 4):
 PSYoungGen      total 349696K, used 123417K [0x00000000e0000000, 0x0000000100000000, 0x0000000100000000)
  eden space 175104K, 0% used [0x00000000e0000000,0x00000000e0000000,0x00000000eab00000)
  from space 174592K, 70% used [0x00000000f5580000,0x00000000fce06420,0x0000000100000000)
  to   space 174592K, 0% used [0x00000000eab00000,0x00000000eab00000,0x00000000f5580000)
 ParOldGen       total 317952K, used 234065K [0x00000000a0000000, 0x00000000b3680000, 0x00000000e0000000)
  object space 317952K, 73% used [0x00000000a0000000,0x00000000ae4945e0,0x00000000b3680000)
 Metaspace       used 108142K, capacity 115753K, committed 116116K, reserved 1150976K
  class space    used 13441K, capacity 15141K, committed 15252K, reserved 1048576K
}
Event: 902.431 GC heap before
{Heap before GC invocations=43 (full 4):
 PSYoungGen      total 349696K, used 298521K [0x00000000e0000000, 0x0000000100000000, 0x0000000100000000)
  eden space 175104K, 100% used [0x00000000e0000000,0x00000000eab00000,0x00000000eab00000)
  from space 174592K, 70% used [0x00000000f5580000,0x00000000fce06420,0x0000000100000000)
  to   space 174592K, 0% used [0x00000000eab00000,0x00000000eab00000,0x00000000f5580000)
 ParOldGen       total 317952K, used 234065K [0x00000000a0000000, 0x00000000b3680000, 0x00000000e0000000)
  object space 317952K, 73% used [0x00000000a0000000,0x00000000ae4945e0,0x00000000b3680000)
 Metaspace       used 108185K, capacity 115765K, committed 116116K, reserved 1150976K
  class space    used 13444K, capacity 15143K, committed 15252K, reserved 1048576K
Event: 902.560 GC heap after
Heap after GC invocations=43 (full 4):
 PSYoungGen      total 349696K, used 99617K [0x00000000e0000000, 0x0000000100000000, 0x0000000100000000)
  eden space 175104K, 0% used [0x00000000e0000000,0x00000000e0000000,0x00000000eab00000)
  from space 174592K, 57% used [0x00000000eab00000,0x00000000f0c486d0,0x00000000f5580000)
  to   space 174592K, 0% used [0x00000000f5580000,0x00000000f5580000,0x0000000100000000)
 ParOldGen       total 317952K, used 259081K [0x00000000a0000000, 0x00000000b3680000, 0x00000000e0000000)
  object space 317952K, 81% used [0x00000000a0000000,0x00000000afd025e0,0x00000000b3680000)
 Metaspace       used 108185K, capacity 115765K, committed 116116K, reserved 1150976K
  class space    used 13444K, capacity 15143K, committed 15252K, reserved 1048576K
}

