# JRE version: OpenJDK Runtime Environment (8.0_152-b01) (build 1.8.0_152-release-915-b01)
# Java VM: OpenJDK 64-Bit Server VM (25.152-b01 mixed mode windows-amd64 compressed oops)
Heap:
 PSYoungGen      total 349696K, used 87318K [0x00000000e0000000, 0x0000000100000000, 0x0000000100000000)
  eden space 175104K, 0% used [0x00000000e0000000,0x00000000e0000000,0x00000000eab00000)
  from space 174592K, 50% used [0x00000000f5580000,0x00000000faac5b98,0x0000000100000000)
  to   space 174592K, 0% used [0x00000000eab00000,0x00000000eab00000,0x00000000f5580000)
 ParOldGen       total 714240K, used 630639K [0x00000000a0000000, 0x00000000cb980000, 0x00000000e0000000)
  object space 714240K, 88% used [0x00000000a0000000,0x00000000c67dbe78,0x00000000cb980000)
 Metaspace       used 113802K, capacity 124294K, committed 130580K, reserved 1163264K
  class space    used 14003K, capacity 16445K, committed 17172K, reserved 1048576K
GC Heap History (10 events):
Event: 4370.713 GC heap after
Heap after GC invocations=128 (full 16):
 PSYoungGen      total 349696K, used 124907K [0x00000000e0000000, 0x0000000100000000, 0x0000000100000000)
  eden space 175104K, 0% used [0x00000000e0000000,0x00000000e0000000,0x00000000eab00000)
  from space 174592K, 71% used [0x00000000f5580000,0x00000000fcf7adc8,0x0000000100000000)
  to   space 174592K, 0% used [0x00000000eab00000,0x00000000eab00000,0x00000000f5580000)
 ParOldGen       total 714240K, used 453988K [0x00000000a0000000, 0x00000000cb980000, 0x00000000e0000000)
  object space 714240K, 63% used [0x00000000a0000000,0x00000000bbb593d8,0x00000000cb980000)
 Metaspace       used 111348K, capacity 121632K, committed 130580K, reserved 1163264K
  class space    used 13725K, capacity 16124K, committed 17172K, reserved 1048576K
}
Event: 4483.043 GC heap before
{Heap before GC invocations=129 (full 16):
 PSYoungGen      total 349696K, used 300011K [0x00000000e0000000, 0x0000000100000000, 0x0000000100000000)
  eden space 175104K, 100% used [0x00000000e0000000,0x00000000eab00000,0x00000000eab00000)
  from space 174592K, 71% used [0x00000000f5580000,0x00000000fcf7adc8,0x0000000100000000)
  to   space 174592K, 0% used [0x00000000eab00000,0x00000000eab00000,0x00000000f5580000)
 ParOldGen       total 714240K, used 453988K [0x00000000a0000000, 0x00000000cb980000, 0x00000000e0000000)
  object space 714240K, 63% used [0x00000000a0000000,0x00000000bbb593d8,0x00000000cb980000)
 Metaspace       used 111427K, capacity 121820K, committed 130580K, reserved 1163264K
  class space    used 13737K, capacity 16164K, committed 17172K, reserved 1048576K
Event: 4483.187 GC heap after
Heap after GC invocations=129 (full 16):
 PSYoungGen      total 349696K, used 60190K [0x00000000e0000000, 0x0000000100000000, 0x0000000100000000)
  eden space 175104K, 0% used [0x00000000e0000000,0x00000000e0000000,0x00000000eab00000)
  from space 174592K, 34% used [0x00000000eab00000,0x00000000ee5c7af0,0x00000000f5580000)
  to   space 174592K, 0% used [0x00000000f5580000,0x00000000f5580000,0x0000000100000000)
 ParOldGen       total 714240K, used 528581K [0x00000000a0000000, 0x00000000cb980000, 0x00000000e0000000)
  object space 714240K, 74% used [0x00000000a0000000,0x00000000c0431440,0x00000000cb980000)
 Metaspace       used 111427K, capacity 121820K, committed 130580K, reserved 1163264K
  class space    used 13737K, capacity 16164K, committed 17172K, reserved 1048576K
}
Event: 4484.454 GC heap before
{Heap before GC invocations=130 (full 16):
 PSYoungGen      total 349696K, used 235294K [0x00000000e0000000, 0x0000000100000000, 0x0000000100000000)
  eden space 175104K, 100% used [0x00000000e0000000,0x00000000eab00000,0x00000000eab00000)
  from space 174592K, 34% used [0x00000000eab00000,0x00000000ee5c7af0,0x00000000f5580000)
  to   space 174592K, 0% used [0x00000000f5580000,0x00000000f5580000,0x0000000100000000)
 ParOldGen       total 714240K, used 528581K [0x00000000a0000000, 0x00000000cb980000, 0x00000000e0000000)
  object space 714240K, 74% used [0x00000000a0000000,0x00000000c0431440,0x00000000cb980000)
 Metaspace       used 111428K, capacity 121820K, committed 130580K, reserved 1163264K
  class space    used 13737K, capacity 16164K, committed 17172K, reserved 1048576K
Event: 4484.547 GC heap after
Heap after GC invocations=130 (full 16):
 PSYoungGen      total 349696K, used 50081K [0x00000000e0000000, 0x0000000100000000, 0x0000000100000000)
  eden space 175104K, 0% used [0x00000000e0000000,0x00000000e0000000,0x00000000eab00000)
  from space 174592K, 28% used [0x00000000f5580000,0x00000000f8668540,0x0000000100000000)
  to   space 174592K, 0% used [0x00000000eab00000,0x00000000eab00000,0x00000000f5580000)
 ParOldGen       total 714240K, used 573076K [0x00000000a0000000, 0x00000000cb980000, 0x00000000e0000000)
  object space 714240K, 80% used [0x00000000a0000000,0x00000000c2fa52b0,0x00000000cb980000)
 Metaspace       used 111428K, capacity 121820K, committed 130580K, reserved 1163264K
  class space    used 13737K, capacity 16164K, committed 17172K, reserved 1048576K
}
Event: 4485.339 GC heap before
{Heap before GC invocations=131 (full 16):
 PSYoungGen      total 349696K, used 225185K [0x00000000e0000000, 0x0000000100000000, 0x0000000100000000)
  eden space 175104K, 100% used [0x00000000e0000000,0x00000000eab00000,0x00000000eab00000)
  from space 174592K, 28% used [0x00000000f5580000,0x00000000f8668540,0x0000000100000000)
  to   space 174592K, 0% used [0x00000000eab00000,0x00000000eab00000,0x00000000f5580000)
 ParOldGen       total 714240K, used 573076K [0x00000000a0000000, 0x00000000cb980000, 0x00000000e0000000)
  object space 714240K, 80% used [0x00000000a0000000,0x00000000c2fa52b0,0x00000000cb980000)
 Metaspace       used 112935K, capacity 123418K, committed 130580K, reserved 1163264K
  class space    used 13883K, capacity 16347K, committed 17172K, reserved 1048576K
Event: 4485.486 GC heap after
Heap after GC invocations=131 (full 16):
 PSYoungGen      total 349696K, used 60338K [0x00000000e0000000, 0x0000000100000000, 0x0000000100000000)
  eden space 175104K, 0% used [0x00000000e0000000,0x00000000e0000000,0x00000000eab00000)
  from space 174592K, 34% used [0x00000000eab00000,0x00000000ee5ecb38,0x00000000f5580000)
  to   space 174592K, 0% used [0x00000000f5580000,0x00000000f5580000,0x0000000100000000)
 ParOldGen       total 714240K, used 587074K [0x00000000a0000000, 0x00000000cb980000, 0x00000000e0000000)
  object space 714240K, 82% used [0x00000000a0000000,0x00000000c3d50a50,0x00000000cb980000)
 Metaspace       used 112935K, capacity 123418K, committed 130580K, reserved 1163264K
  class space    used 13883K, capacity 16347K, committed 17172K, reserved 1048576K
}
Event: 4485.970 GC heap before
{Heap before GC invocations=132 (full 16):
 PSYoungGen      total 349696K, used 235442K [0x00000000e0000000, 0x0000000100000000, 0x0000000100000000)
  eden space 175104K, 100% used [0x00000000e0000000,0x00000000eab00000,0x00000000eab00000)
  from space 174592K, 34% used [0x00000000eab00000,0x00000000ee5ecb38,0x00000000f5580000)
  to   space 174592K, 0% used [0x00000000f5580000,0x00000000f5580000,0x0000000100000000)
 ParOldGen       total 714240K, used 587074K [0x00000000a0000000, 0x00000000cb980000, 0x00000000e0000000)
  object space 714240K, 82% used [0x00000000a0000000,0x00000000c3d50a50,0x00000000cb980000)
 Metaspace       used 113802K, capacity 124294K, committed 130580K, reserved 1163264K
  class space    used 14003K, capacity 16445K, committed 17172K, reserved 1048576K
Event: 4486.086 GC heap after
Heap after GC invocations=132 (full 16):
 PSYoungGen      total 349696K, used 87318K [0x00000000e0000000, 0x0000000100000000, 0x0000000100000000)
  eden space 175104K, 0% used [0x00000000e0000000,0x00000000e0000000,0x00000000eab00000)
  from space 174592K, 50% used [0x00000000f5580000,0x00000000faac5b98,0x0000000100000000)
  to   space 174592K, 0% used [0x00000000eab00000,0x00000000eab00000,0x00000000f5580000)
 ParOldGen       total 714240K, used 630639K [0x00000000a0000000, 0x00000000cb980000, 0x00000000e0000000)
  object space 714240K, 88% used [0x00000000a0000000,0x00000000c67dbe78,0x00000000cb980000)
 Metaspace       used 113802K, capacity 124294K, committed 130580K, reserved 1163264K
  class space    used 14003K, capacity 16445K, committed 17172K, reserved 1048576K
}
Event: 4486.086 GC heap before
{Heap before GC invocations=133 (full 17):
 PSYoungGen      total 349696K, used 87318K [0x00000000e0000000, 0x0000000100000000, 0x0000000100000000)
  eden space 175104K, 0% used [0x00000000e0000000,0x00000000e0000000,0x00000000eab00000)
  from space 174592K, 50% used [0x00000000f5580000,0x00000000faac5b98,0x0000000100000000)
  to   space 174592K, 0% used [0x00000000eab00000,0x00000000eab00000,0x00000000f5580000)
 ParOldGen       total 714240K, used 630639K [0x00000000a0000000, 0x00000000cb980000, 0x00000000e0000000)
  object space 714240K, 88% used [0x00000000a0000000,0x00000000c67dbe78,0x00000000cb980000)
 Metaspace       used 113802K, capacity 124294K, committed 130580K, reserved 1163264K
  class space    used 14003K, capacity 16445K, committed 17172K, reserved 1048576K

